UUID: b68189a9-b209-4c39-b3f1-d14cd46f21e0
Time: 2025-05-21 10:25:42.362373
Program Type: GSTR1
File Name: GSTR20250521_102540.xlsx
Presigned URL Status: SUCCESS
Upload Status: SUCCESS
Activity ID: 63fc1f90516b47538e6e74ddf7c7ee4c
Trigger Ingestion Status: SUCCESS
Ingestion Status: SUCCESS
Start Time: 2025-05-21 10:25:40
End Time: 2025-05-21 10:25:40
Error Message: GSTR1 process completed successfully
Program Status: SUCCESS
==================================================
UUID: 8989f71b-1799-49d7-9cec-863c6e5c51d7
Time: 2025-05-21 10:25:44.390904
Program Type: GSTR2
File Name: GSTR20250521_102542.xlsx
Presigned URL Status: SUCCESS
Upload Status: SUCCESS
Activity ID: 7e9da55e30204d249899fabd072c1eb1
Trigger Ingestion Status: SUCCESS
Ingestion Status: SUCCESS
Start Time: 2025-05-21 10:25:42
End Time: 2025-05-21 10:25:42
Error Message: GSTR2 process completed successfully
Program Status: SUCCESS
==================================================
UUID: 386a67dd-2800-41bd-8549-240e188d55cc
Time: 2025-05-21 10:31:05.814601
Program Type: GSTR1
File Name: GSTR20250521_103104.xlsx
Presigned URL Status: SUCCESS
Upload Status: SUCCESS
Activity ID: 001e659f3059493f824fe73477801316
Trigger Ingestion Status: SUCCESS
Ingestion Status: SUCCESS
Start Time: 2025-05-21 10:31:04
End Time: 2025-05-21 10:31:04
Error Message: GSTR1 process completed successfully
Program Status: SUCCESS
==================================================
UUID: 49eb537e-8888-4967-be2f-f224a319a118
Time: 2025-05-21 15:44:44.399006
Program Type: GSTR1
File Name: GSTR20250521_154442.xlsx
Presigned URL Status: SUCCESS
Upload Status: SUCCESS
Activity ID: 6236262f048b4688b11d6aa8890115ca
Trigger Ingestion Status: SUCCESS
Ingestion Status: SUCCESS
Start Time: 2025-05-21 15:44:42
End Time: 2025-05-21 15:44:43
Error Message: GSTR1 process completed successfully
Program Status: SUCCESS
==================================================
UUID: 9fdcb04a-4834-4250-94dd-fae8b8baadbb
Time: 2025-05-21 15:48:21.975691
Program Type: GSTR1
File Name: GSTR20250521_154820.xlsx
Presigned URL Status: SUCCESS
Upload Status: SUCCESS
Activity ID: 8920ea9c7e35420d9d9433f794ac08a1
Trigger Ingestion Status: SUCCESS
Ingestion Status: SUCCESS
Start Time: 2025-05-21 15:48:20
End Time: 2025-05-21 15:48:20
Error Message: GSTR1 process completed successfully
Program Status: SUCCESS
==================================================
UUID: 759495c6-f56a-40f3-8f3b-495c329078c4
Time: 2025-05-21 15:57:25.469988
Program Type: GSTR1
File Name: GSTR20250521_155408.xlsx
Presigned URL Status: SUCCESS
Upload Status: SUCCESS
Activity ID: 88df0dc30d12450a946f243c7dfd3c0c
Trigger Ingestion Status: SUCCESS
Ingestion Status: SUCCESS
Start Time: 2025-05-21 15:54:08
End Time: 2025-05-21 15:54:08
Error Message: GSTR1 process completed successfully
Program Status: SUCCESS
==================================================
UUID: 1edebdcd-ee92-4133-adc0-6cab7a5dc848
Time: 2025-05-21 16:02:25.423702
Program Type: GSTR1
File Name: GSTR20250521_155730.xlsx
Presigned URL Status: SUCCESS
Upload Status: SUCCESS
Activity ID: 139a5364958e43e59ac72e37c46dc4a2
Trigger Ingestion Status: SUCCESS
Ingestion Status: SUCCESS
Start Time: 2025-05-21 15:57:30
End Time: 2025-05-21 15:57:30
Error Message: GSTR1 process completed successfully
Program Status: SUCCESS
==================================================
UUID: 11486bad-64e9-4e63-a37a-60bf55f35c3b
Time: 2025-05-21 16:05:48.488342
Program Type: GSTR2
File Name: GSTR20250521_160258.xlsx
Presigned URL Status: SUCCESS
Upload Status: SUCCESS
Activity ID: a68165134f804b8191be8ecff4aa2758
Trigger Ingestion Status: SUCCESS
Ingestion Status: SUCCESS
Start Time: 2025-05-21 16:02:58
End Time: 2025-05-21 16:02:58
Error Message: GSTR2 process completed successfully
Program Status: SUCCESS
==================================================
UUID: b2024dbd-c0ba-4b75-ab0a-7505691fa4d5
Time: 2025-05-21 16:05:52.218469
Program Type: GSTR2
File Name: GSTR20250521_160550.xlsx
Presigned URL Status: SUCCESS
Upload Status: SUCCESS
Activity ID: 5f1ca5c0389b4e6088a70e6fb259c5f8
Trigger Ingestion Status: SUCCESS
Ingestion Status: SUCCESS
Start Time: 2025-05-21 16:05:50
End Time: 2025-05-21 16:05:50
Error Message: GSTR2 process completed successfully
Program Status: SUCCESS
==================================================
UUID: ed64de9d-9882-478c-83dd-2a51af10c679
Time: 2025-05-21 16:39:31.719496
Program Type: GSTR2
File Name: GSTR20250521_163929.xlsx
Presigned URL Status: SUCCESS
Upload Status: SUCCESS
Activity ID: 26ef5f996d9546f895a38be50db176e2
Trigger Ingestion Status: SUCCESS
Ingestion Status: SUCCESS
Start Time: 2025-05-21 16:39:29
End Time: 2025-05-21 16:39:29
Error Message: GSTR2 process completed successfully
Program Status: SUCCESS
==================================================
UUID: 266e7273-4ad3-4037-9f02-3045e519765e
Time: 2025-05-21 16:40:01.363591
Program Type: GSTR2
File Name: GSTR20250521_163959.xlsx
Presigned URL Status: SUCCESS
Upload Status: SUCCESS
Activity ID: 797e3b1ab6964ceb97b17d8be97b47bc
Trigger Ingestion Status: SUCCESS
Ingestion Status: SUCCESS
Start Time: 2025-05-21 16:39:59
End Time: 2025-05-21 16:39:59
Error Message: GSTR2 process completed successfully
Program Status: SUCCESS
==================================================
UUID: 01bee3ef-c879-4d92-99ca-c469febae5f1
Time: 2025-05-21 16:40:57.070207
Program Type: GSTR2
File Name: GSTR20250521_164054.xlsx
Presigned URL Status: SUCCESS
Upload Status: SUCCESS
Activity ID: 6700b5ed20804092a674d87ef6ba8fb8
Trigger Ingestion Status: SUCCESS
Ingestion Status: SUCCESS
Start Time: 2025-05-21 16:40:54
End Time: 2025-05-21 16:40:55
Error Message: GSTR2 process completed successfully
Program Status: SUCCESS
==================================================
UUID: 5520d6e5-ed4f-4961-97aa-c2e663683a27
Time: 2025-05-21 16:41:26.146667
Program Type: GSTR2
File Name: GSTR20250521_164122.xlsx
Presigned URL Status: SUCCESS
Upload Status: SUCCESS
Activity ID: afbe50879e2646d382054e7fe0057246
Trigger Ingestion Status: SUCCESS
Ingestion Status: SUCCESS
Start Time: 2025-05-21 16:41:22
End Time: 2025-05-21 16:41:22
Error Message: GSTR2 process completed successfully
Program Status: SUCCESS
==================================================
UUID: f4c47cc4-8584-4ab7-ae58-700cd22bc412
Time: 2025-05-21 16:45:03.915206
Program Type: GSTR2
File Name: GSTR20250521_164439.xlsx
Presigned URL Status: N/A
Upload Status: N/A
Activity ID: N/A
Trigger Ingestion Status: N/A
Ingestion Status: N/A
Start Time: 2025-05-21 16:44:39
End Time: 2025-05-21 16:45:03
Error Message: 
Program Status: FAILED
==================================================
UUID: f271c825-f264-4df3-8876-57b529b606c9
Time: 2025-05-21 16:45:44.711946
Program Type: GSTR2
File Name: GSTR20250521_164540.xlsx
Presigned URL Status: SUCCESS
Upload Status: SUCCESS
Activity ID: 810ba6003f4342a1ada6ef249c85b93b
Trigger Ingestion Status: SUCCESS
Ingestion Status: SUCCESS
Start Time: 2025-05-21 16:45:40
End Time: 2025-05-21 16:45:41
Error Message: GSTR2 process completed successfully
Program Status: SUCCESS
==================================================
UUID: 2cbe012f-edd4-4246-a689-3ac6a6444b3b
Time: 2025-05-21 16:47:22.378772
Program Type: GSTR2
File Name: GSTR20250521_164720.xlsx
Presigned URL Status: SUCCESS
Upload Status: SUCCESS
Activity ID: b68ece08776641d5bb3f92e31e426bb8
Trigger Ingestion Status: SUCCESS
Ingestion Status: SUCCESS
Start Time: 2025-05-21 16:47:20
End Time: 2025-05-21 16:47:21
Error Message: GSTR2 process completed successfully
Program Status: SUCCESS
==================================================
UUID: 2438be45-5242-4d7e-9388-383b91672980
Time: 2025-05-21 16:47:48.849005
Program Type: GSTR2
File Name: GSTR20250521_164747.xlsx
Presigned URL Status: SUCCESS
Upload Status: SUCCESS
Activity ID: dc1d4db71e9f4f8885345f7a7c627622
Trigger Ingestion Status: SUCCESS
Ingestion Status: SUCCESS
Start Time: 2025-05-21 16:47:47
End Time: 2025-05-21 16:47:47
Error Message: GSTR2 process completed successfully
Program Status: SUCCESS
==================================================
UUID: 4e91fdb7-ae83-4d0e-8baf-210ad86ee0ce
Time: 2025-05-21 16:48:09.603307
Program Type: GSTR2
File Name: GSTR20250521_164807.xlsx
Presigned URL Status: SUCCESS
Upload Status: SUCCESS
Activity ID: 352202f2734e42beaf6a8abfe3cd9eb3
Trigger Ingestion Status: SUCCESS
Ingestion Status: SUCCESS
Start Time: 2025-05-21 16:48:07
End Time: 2025-05-21 16:48:07
Error Message: GSTR2 process completed successfully
Program Status: SUCCESS
==================================================
UUID: 3d002280-4394-4586-9b06-c7e257f6b14b
Time: 2025-05-21 16:48:35.151065
Program Type: GSTR2
File Name: GSTR20250521_164833.xlsx
Presigned URL Status: SUCCESS
Upload Status: SUCCESS
Activity ID: de6a69a216db43ba873ae3630895a8c1
Trigger Ingestion Status: SUCCESS
Ingestion Status: SUCCESS
Start Time: 2025-05-21 16:48:33
End Time: 2025-05-21 16:48:33
Error Message: GSTR2 process completed successfully
Program Status: SUCCESS
==================================================
UUID: 13895d40-0425-43ab-a36e-e3507e4211f9
Time: 2025-05-21 16:49:11.970810
Program Type: GSTR2
File Name: GSTR20250521_164910.xlsx
Presigned URL Status: SUCCESS
Upload Status: SUCCESS
Activity ID: ef273527228049b590ad48cc0cb99e3b
Trigger Ingestion Status: SUCCESS
Ingestion Status: SUCCESS
Start Time: 2025-05-21 16:49:10
End Time: 2025-05-21 16:49:10
Error Message: GSTR2 process completed successfully
Program Status: SUCCESS
==================================================
UUID: cfafd962-6edb-482b-828e-7823ed77efc4
Time: 2025-05-21 16:49:37.045436
Program Type: GSTR2
File Name: GSTR20250521_164935.xlsx
Presigned URL Status: N/A
Upload Status: N/A
Activity ID: N/A
Trigger Ingestion Status: N/A
Ingestion Status: N/A
Start Time: 2025-05-21 16:49:35
End Time: 2025-05-21 16:49:37
Error Message: The content for this response was already consumed
Program Status: FAILED
==================================================
UUID: d18ee758-a965-4785-99be-6d76a352e0f6
Time: 2025-05-21 16:52:58.962688
Program Type: GSTR2
File Name: GSTR20250521_165256.xlsx
Presigned URL Status: SUCCESS
Upload Status: SUCCESS
Activity ID: c9edc09359f045d582bdf48babf5b2e7
Trigger Ingestion Status: SUCCESS
Ingestion Status: SUCCESS
Start Time: 2025-05-21 16:52:56
End Time: 2025-05-21 16:52:57
Error Message: GSTR2 process completed successfully
Program Status: SUCCESS
==================================================
UUID: b8a141ce-da45-4677-b594-8c29d3967125
Time: 2025-05-21 16:53:52.648920
Program Type: GSTR2
File Name: GSTR20250521_165314.xlsx
Presigned URL Status: N/A
Upload Status: N/A
Activity ID: N/A
Trigger Ingestion Status: N/A
Ingestion Status: N/A
Start Time: 2025-05-21 16:53:14
End Time: 2025-05-21 16:53:52
Error Message: 
Program Status: FAILED
==================================================
UUID: 78255459-1739-4047-8892-99b18f8e997b
Time: 2025-05-21 16:53:56.757584
Program Type: GSTR2
File Name: GSTR20250521_165355.xlsx
Presigned URL Status: SUCCESS
Upload Status: SUCCESS
Activity ID: 0b9a28ddfe2941f880f74809a273baad
Trigger Ingestion Status: SUCCESS
Ingestion Status: SUCCESS
Start Time: 2025-05-21 16:53:55
End Time: 2025-05-21 16:53:55
Error Message: GSTR2 process completed successfully
Program Status: SUCCESS
==================================================
UUID: 0f86c6fa-7cbf-42c0-a4fa-90b489115b9b
Time: 2025-05-21 16:54:57.449518
Program Type: GSTR2
File Name: GSTR20250521_165456.xlsx
Presigned URL Status: SUCCESS
Upload Status: SUCCESS
Activity ID: fbfae46dec2e4ac6835816d589ca5f81
Trigger Ingestion Status: SUCCESS
Ingestion Status: SUCCESS
Start Time: 2025-05-21 16:54:56
End Time: 2025-05-21 16:54:56
Error Message: GSTR2 process completed successfully
Program Status: SUCCESS
==================================================
UUID: 0008b5aa-8cdf-44b8-a866-708eee089709
Time: 2025-05-21 16:55:10.284762
Program Type: GSTR2
File Name: GSTR20250521_165508.xlsx
Presigned URL Status: SUCCESS
Upload Status: SUCCESS
Activity ID: 974eb42f95e2496994d99d1de19d0c56
Trigger Ingestion Status: SUCCESS
Ingestion Status: SUCCESS
Start Time: 2025-05-21 16:55:08
End Time: 2025-05-21 16:55:08
Error Message: GSTR2 process completed successfully
Program Status: SUCCESS
==================================================
UUID: 468d99d6-4e48-4865-b4c9-44df6d083482
Time: 2025-05-21 16:55:59.009583
Program Type: GSTR2
File Name: GSTR20250521_165549.xlsx
Presigned URL Status: SUCCESS
Upload Status: SUCCESS
Activity ID: e5f388ab8f224dc397215153db5dfd78
Trigger Ingestion Status: SUCCESS
Ingestion Status: SUCCESS
Start Time: 2025-05-21 16:55:49
End Time: 2025-05-21 16:55:49
Error Message: GSTR2 process completed successfully
Program Status: SUCCESS
==================================================
UUID: 2c8f4f54-d737-4e4c-93f1-4cbdcf0fd681
Time: 2025-05-21 16:56:07.657802
Program Type: GSTR2
File Name: GSTR20250521_165601.xlsx
Presigned URL Status: SUCCESS
Upload Status: SUCCESS
Activity ID: 631898bf03ed45fead7e6aba86f33a29
Trigger Ingestion Status: SUCCESS
Ingestion Status: SUCCESS
Start Time: 2025-05-21 16:56:01
End Time: 2025-05-21 16:56:01
Error Message: GSTR2 process completed successfully
Program Status: SUCCESS
==================================================
UUID: 38e469b9-5962-4888-8cb6-395ea8a8f01d
Time: 2025-05-21 16:57:23.535671
Program Type: GSTR2
File Name: GSTR20250521_165705.xlsx
Presigned URL Status: N/A
Upload Status: N/A
Activity ID: N/A
Trigger Ingestion Status: N/A
Ingestion Status: N/A
Start Time: 2025-05-21 16:57:05
End Time: 2025-05-21 16:57:23
Error Message: 
Program Status: FAILED
==================================================
UUID: fd2a86c7-c35c-45fb-8b89-65659fcb0a11
Time: 2025-05-21 16:57:27.143281
Program Type: GSTR2
File Name: GSTR20250521_165724.xlsx
Presigned URL Status: SUCCESS
Upload Status: SUCCESS
Activity ID: 4671c5014589419a8ef71484e8b18ee9
Trigger Ingestion Status: SUCCESS
Ingestion Status: SUCCESS
Start Time: 2025-05-21 16:57:24
End Time: 2025-05-21 16:57:24
Error Message: GSTR2 process completed successfully
Program Status: SUCCESS
==================================================
UUID: d67dc619-28b1-4a80-8828-cccf07f31595
Time: 2025-05-21 16:57:40.874820
Program Type: GSTR2
File Name: GSTR20250521_165739.xlsx
Presigned URL Status: SUCCESS
Upload Status: SUCCESS
Activity ID: 455f17c6d5db415a912271b439f2b691
Trigger Ingestion Status: SUCCESS
Ingestion Status: SUCCESS
Start Time: 2025-05-21 16:57:39
End Time: 2025-05-21 16:57:39
Error Message: GSTR2 process completed successfully
Program Status: SUCCESS
==================================================
UUID: b40080ba-6c72-4cd8-9577-618938d30cd6
Time: 2025-05-21 16:57:47.904182
Program Type: GSTR2
File Name: GSTR20250521_165746.xlsx
Presigned URL Status: SUCCESS
Upload Status: SUCCESS
Activity ID: 5de76809260044feb577936b19e41d45
Trigger Ingestion Status: SUCCESS
Ingestion Status: SUCCESS
Start Time: 2025-05-21 16:57:46
End Time: 2025-05-21 16:57:46
Error Message: GSTR2 process completed successfully
Program Status: SUCCESS
==================================================
UUID: 4ff2977a-d58c-406b-a1a4-ac2aba5730d9
Time: 2025-05-21 16:57:57.409263
Program Type: GSTR2
File Name: GSTR20250521_165753.xlsx
Presigned URL Status: SUCCESS
Upload Status: SUCCESS
Activity ID: 4bee7dff9c944b96acc6b8fcf0f3a631
Trigger Ingestion Status: SUCCESS
Ingestion Status: SUCCESS
Start Time: 2025-05-21 16:57:53
End Time: 2025-05-21 16:57:53
Error Message: GSTR2 process completed successfully
Program Status: SUCCESS
==================================================
UUID: 4f0b9104-d0b8-4cd3-809a-5604b99fe95c
Time: 2025-05-21 16:58:39.775239
Program Type: GSTR2
File Name: GSTR20250521_165828.xlsx
Presigned URL Status: SUCCESS
Upload Status: SUCCESS
Activity ID: 57685ff3fdc7424e852321d0265c9e63
Trigger Ingestion Status: SUCCESS
Ingestion Status: SUCCESS
Start Time: 2025-05-21 16:58:28
End Time: 2025-05-21 16:58:28
Error Message: GSTR2 process completed successfully
Program Status: SUCCESS
==================================================
UUID: 78636107-f26e-4a61-a23c-cb50c25a8a06
Time: 2025-05-21 17:05:24.651247
Program Type: GSTR2
File Name: GSTR20250521_170523.xlsx
Presigned URL Status: SUCCESS
Upload Status: SUCCESS
Activity ID: 83dfa1975ae148298d1fd256ac1f22f3
Trigger Ingestion Status: SUCCESS
Ingestion Status: SUCCESS
Start Time: 2025-05-21 17:05:23
End Time: 2025-05-21 17:05:23
Error Message: GSTR2 process completed successfully
Program Status: SUCCESS
==================================================
UUID: 94f29b62-7a1e-4c65-bb05-2a770d3ec316
Time: 2025-05-21 17:06:37.705235
Program Type: GSTR2
File Name: GSTR20250521_170636.xlsx
Presigned URL Status: SUCCESS
Upload Status: SUCCESS
Activity ID: bf49db13dd9b4aeaa76be6fcf4dec938
Trigger Ingestion Status: SUCCESS
Ingestion Status: SUCCESS
Start Time: 2025-05-21 17:06:36
End Time: 2025-05-21 17:06:36
Error Message: GSTR2 process completed successfully
Program Status: SUCCESS
==================================================
UUID: f2b5e44b-ab09-4b15-a522-fed6fcc9db8e
Time: 2025-05-21 17:07:26.727031
Program Type: GSTR2
File Name: GSTR20250521_170714.xlsx
Presigned URL Status: SUCCESS
Upload Status: SUCCESS
Activity ID: fd02accf8bb54239bc988a6f4247e9ae
Trigger Ingestion Status: SUCCESS
Ingestion Status: SUCCESS
Start Time: 2025-05-21 17:07:14
End Time: 2025-05-21 17:07:14
Error Message: GSTR2 process completed successfully
Program Status: SUCCESS
==================================================
UUID: ff57cb1f-9915-441e-9391-49593b4e2a0b
Time: 2025-05-21 17:08:46.842592
Program Type: GSTR2
File Name: GSTR20250521_170845.xlsx
Presigned URL Status: SUCCESS
Upload Status: SUCCESS
Activity ID: 8486a88e40df4c9f935a827b5f724c8f
Trigger Ingestion Status: SUCCESS
Ingestion Status: SUCCESS
Start Time: 2025-05-21 17:08:45
End Time: 2025-05-21 17:08:45
Error Message: GSTR2 process completed successfully
Program Status: SUCCESS
==================================================
UUID: e7698e9f-747b-4f3b-9e6b-0162a6688693
Time: 2025-05-21 17:08:54.152621
Program Type: GSTR2
File Name: GSTR20250521_170852.xlsx
Presigned URL Status: SUCCESS
Upload Status: SUCCESS
Activity ID: 5e2d316bb14a4e40b3b9676cfd3a5be8
Trigger Ingestion Status: SUCCESS
Ingestion Status: SUCCESS
Start Time: 2025-05-21 17:08:52
End Time: 2025-05-21 17:08:52
Error Message: GSTR2 process completed successfully
Program Status: SUCCESS
==================================================
UUID: 26f82716-3b54-4243-aaaa-33888667e58b
Time: 2025-05-21 17:09:05.201183
Program Type: GSTR2
File Name: GSTR20250521_170903.xlsx
Presigned URL Status: SUCCESS
Upload Status: SUCCESS
Activity ID: 6fce60dbaba4473fb1ac96a12092de91
Trigger Ingestion Status: SUCCESS
Ingestion Status: SUCCESS
Start Time: 2025-05-21 17:09:03
End Time: 2025-05-21 17:09:03
Error Message: GSTR2 process completed successfully
Program Status: SUCCESS
==================================================
UUID: ef12f06d-21f1-4a61-9bef-b7c6917cd283
Time: 2025-05-21 17:10:09.592905
Program Type: GSTR2
File Name: GSTR20250521_171008.xlsx
Presigned URL Status: SUCCESS
Upload Status: SUCCESS
Activity ID: 636813915a3649be9a712a913bfc29c8
Trigger Ingestion Status: SUCCESS
Ingestion Status: SUCCESS
Start Time: 2025-05-21 17:10:08
End Time: 2025-05-21 17:10:08
Error Message: GSTR2 process completed successfully
Program Status: SUCCESS
==================================================
UUID: 8101360d-8fc6-4488-83c7-25a6a530683b
Time: 2025-05-21 17:10:20.243648
Program Type: GSTR2
File Name: GSTR20250521_171017.xlsx
Presigned URL Status: SUCCESS
Upload Status: SUCCESS
Activity ID: 5cc567e1c6d3498db14a7b7203680d32
Trigger Ingestion Status: SUCCESS
Ingestion Status: SUCCESS
Start Time: 2025-05-21 17:10:17
End Time: 2025-05-21 17:10:17
Error Message: GSTR2 process completed successfully
Program Status: SUCCESS
==================================================
UUID: f5827244-9f4e-4e26-b3b1-9e51024b2139
Time: 2025-05-21 17:10:47.127809
Program Type: GSTR2
File Name: GSTR20250521_171044.xlsx
Presigned URL Status: SUCCESS
Upload Status: SUCCESS
Activity ID: b2dbec8370504598929ca849eb92e6ea
Trigger Ingestion Status: SUCCESS
Ingestion Status: SUCCESS
Start Time: 2025-05-21 17:10:44
End Time: 2025-05-21 17:10:44
Error Message: GSTR2 process completed successfully
Program Status: SUCCESS
==================================================
UUID: 31f95907-7397-44a2-9b0a-912771f8abea
Time: 2025-05-21 17:10:52.311547
Program Type: GSTR2
File Name: GSTR20250521_171051.xlsx
Presigned URL Status: SUCCESS
Upload Status: SUCCESS
Activity ID: 42891ea484ad43b89f7bf72241051ad4
Trigger Ingestion Status: SUCCESS
Ingestion Status: SUCCESS
Start Time: 2025-05-21 17:10:51
End Time: 2025-05-21 17:10:51
Error Message: GSTR2 process completed successfully
Program Status: SUCCESS
==================================================
UUID: 20d9c940-bb7e-42db-87c7-2841113cdccf
Time: 2025-05-21 17:11:01.368472
Program Type: GSTR2
File Name: GSTR20250521_171059.xlsx
Presigned URL Status: SUCCESS
Upload Status: SUCCESS
Activity ID: 205c3fafd4ad4b439c2d22bdc7fc7d43
Trigger Ingestion Status: SUCCESS
Ingestion Status: SUCCESS
Start Time: 2025-05-21 17:10:59
End Time: 2025-05-21 17:10:59
Error Message: GSTR2 process completed successfully
Program Status: SUCCESS
==================================================
UUID: d9f94419-93f1-40dd-9663-67de4e1bad54
Time: 2025-05-21 17:13:34.665925
Program Type: GSTR2
File Name: GSTR20250521_171332.xlsx
Presigned URL Status: SUCCESS
Upload Status: SUCCESS
Activity ID: 9d20f7da8755478d9bb12ea194e01359
Trigger Ingestion Status: SUCCESS
Ingestion Status: SUCCESS
Start Time: 2025-05-21 17:13:32
End Time: 2025-05-21 17:13:32
Error Message: GSTR2 process completed successfully
Program Status: SUCCESS
==================================================
UUID: c38f4017-bde0-4aa2-9526-952a46e15e05
Time: 2025-05-21 17:13:47.500999
Program Type: GSTR2
File Name: GSTR20250521_171344.xlsx
Presigned URL Status: SUCCESS
Upload Status: SUCCESS
Activity ID: bd448bb0bc2f4f368b5d12772b2873c2
Trigger Ingestion Status: SUCCESS
Ingestion Status: SUCCESS
Start Time: 2025-05-21 17:13:44
End Time: 2025-05-21 17:13:45
Error Message: GSTR2 process completed successfully
Program Status: SUCCESS
==================================================
UUID: 221fc7cf-4974-4c44-9cce-595d0192ae39
Time: 2025-05-21 17:17:01.551365
Program Type: GSTR2
File Name: GSTR20250521_171655.xlsx
Presigned URL Status: SUCCESS
Upload Status: SUCCESS
Activity ID: f9bb5a5d8e2d4fe8b13c11943d6c6685
Trigger Ingestion Status: SUCCESS
Ingestion Status: SUCCESS
Start Time: 2025-05-21 17:16:55
End Time: 2025-05-21 17:16:55
Error Message: GSTR2 process completed successfully
Program Status: SUCCESS
==================================================
UUID: cb86f663-c133-4587-b1ac-3ce5f130b6e8
Time: 2025-05-21 17:17:27.822908
Program Type: GSTR2
File Name: GSTR20250521_171726.xlsx
Presigned URL Status: SUCCESS
Upload Status: SUCCESS
Activity ID: b510dff2a9b4410c8b7974fe2ad39fd4
Trigger Ingestion Status: SUCCESS
Ingestion Status: SUCCESS
Start Time: 2025-05-21 17:17:26
End Time: 2025-05-21 17:17:26
Error Message: GSTR2 process completed successfully
Program Status: SUCCESS
==================================================
UUID: c4ed96b6-2b90-4912-af53-f9fc1df8e3cc
Time: 2025-05-21 17:18:34.955385
Program Type: GSTR2
File Name: GSTR20250521_171833.xlsx
Presigned URL Status: SUCCESS
Upload Status: SUCCESS
Activity ID: 94475f5096314bc39490839e0ea97971
Trigger Ingestion Status: SUCCESS
Ingestion Status: SUCCESS
Start Time: 2025-05-21 17:18:33
End Time: 2025-05-21 17:18:33
Error Message: GSTR2 process completed successfully
Program Status: SUCCESS
==================================================
UUID: 865db0e3-d8d7-4ec6-865c-cd7e9b62ba04
Time: 2025-05-21 17:21:27.076852
Program Type: GSTR2
File Name: GSTR20250521_172125.xlsx
Presigned URL Status: N/A
Upload Status: N/A
Activity ID: N/A
Trigger Ingestion Status: N/A
Ingestion Status: N/A
Start Time: 2025-05-21 17:21:25
End Time: 2025-05-21 17:21:27
Error Message: The content for this response was already consumed
Program Status: FAILED
==================================================
UUID: 0afbcdc0-68c1-46bf-9ea3-c361b3bec591
Time: 2025-05-21 17:22:28.532502
Program Type: GSTR2
File Name: GSTR20250521_172225.xlsx
Presigned URL Status: SUCCESS
Upload Status: SUCCESS
Activity ID: b85a3b5c49254256a6ed17f4727670d8
Trigger Ingestion Status: SUCCESS
Ingestion Status: SUCCESS
Start Time: 2025-05-21 17:22:25
End Time: 2025-05-21 17:22:25
Error Message: GSTR2 process completed successfully
Program Status: SUCCESS
==================================================
UUID: 8e99ef2c-50ac-4e63-b155-ed0079a991fe
Time: 2025-05-21 17:22:36.579411
Program Type: GSTR2
File Name: GSTR20250521_172235.xlsx
Presigned URL Status: SUCCESS
Upload Status: SUCCESS
Activity ID: 8db714515c0f4b86bd7036f8feee349a
Trigger Ingestion Status: SUCCESS
Ingestion Status: SUCCESS
Start Time: 2025-05-21 17:22:35
End Time: 2025-05-21 17:22:35
Error Message: GSTR2 process completed successfully
Program Status: SUCCESS
==================================================
UUID: 400e8034-1c3c-46a6-8a36-abdf7caae032
Time: 2025-05-21 17:23:31.296230
Program Type: GSTR2
File Name: GSTR20250521_172329.xlsx
Presigned URL Status: SUCCESS
Upload Status: SUCCESS
Activity ID: 7f4f9d793e8d4027a14e42d47d65a0d3
Trigger Ingestion Status: SUCCESS
Ingestion Status: SUCCESS
Start Time: 2025-05-21 17:23:29
End Time: 2025-05-21 17:23:29
Error Message: GSTR2 process completed successfully
Program Status: SUCCESS
==================================================
UUID: e0afdca4-95cd-401f-a1b2-ada1853c8332
Time: 2025-05-21 18:20:34.386051
Program Type: GSTR2
File Name: GSTR20250521_182032.xlsx
Presigned URL Status: SUCCESS
Upload Status: SUCCESS
Activity ID: 03e5ccf042a2420a81fb2c9f914b143d
Trigger Ingestion Status: SUCCESS
Ingestion Status: FAILED
Start Time: 2025-05-21 18:20:32
End Time: 2025-05-21 18:20:32
Error Message: Failed to get file ingestion status
Program Status: FAILED
==================================================
UUID: c62414b5-e393-4306-85c6-a70d6ab0e4c2
Time: 2025-05-21 18:20:40.683678
Program Type: GSTR2
File Name: GSTR20250521_182039.xlsx
Presigned URL Status: SUCCESS
Upload Status: SUCCESS
Activity ID: 54b0f68e701843c583d92770661aceaf
Trigger Ingestion Status: SUCCESS
Ingestion Status: FAILED
Start Time: 2025-05-21 18:20:39
End Time: 2025-05-21 18:20:39
Error Message: Failed to get file ingestion status
Program Status: FAILED
==================================================
UUID: 3ac9efa0-bdc1-449c-ae66-fb75227debc1
Time: 2025-05-21 18:21:21.441592
Program Type: GSTR2
File Name: GSTR20250521_182120.xlsx
Presigned URL Status: SUCCESS
Upload Status: SUCCESS
Activity ID: 7b53cc2c01034170a05613b00780e919
Trigger Ingestion Status: SUCCESS
Ingestion Status: SUCCESS
Start Time: 2025-05-21 18:21:20
End Time: 2025-05-21 18:21:20
Error Message: GSTR2 process completed successfully
Program Status: SUCCESS
==================================================
UUID: 22f8ac09-8636-489a-9e66-e626d45ce1be
Time: 2025-05-21 18:26:48.910834
Program Type: GSTR2
File Name: GSTR20250521_182209.xlsx
Presigned URL Status: SUCCESS
Upload Status: SUCCESS
Activity ID: ffa0312f69f6474e8abc8350d0fc9367
Trigger Ingestion Status: SUCCESS
Ingestion Status: SUCCESS
Start Time: 2025-05-21 18:22:09
End Time: 2025-05-21 18:22:09
Error Message: GSTR2 process completed successfully
Program Status: SUCCESS
==================================================
UUID: 58c36c45-d537-41e8-a625-b966e21bcf44
Time: 2025-05-21 18:27:03.517422
Program Type: GSTR2
File Name: GSTR20250521_182652.xlsx
Presigned URL Status: SUCCESS
Upload Status: SUCCESS
Activity ID: ff643be3f1fb42508178a9fa30b329ff
Trigger Ingestion Status: SUCCESS
Ingestion Status: SUCCESS
Start Time: 2025-05-21 18:26:52
End Time: 2025-05-21 18:26:52
Error Message: GSTR2 process completed successfully
Program Status: SUCCESS
==================================================
UUID: 2f1a6971-b161-422b-8121-be913ca13800
Time: 2025-05-21 18:54:01.523011
Program Type: GSTR2
File Name: GSTR20250521_185349.xlsx
Presigned URL Status: SUCCESS
Upload Status: SUCCESS
Activity ID: a76d0265eafd4be095572853e02bca32
Trigger Ingestion Status: SUCCESS
Ingestion Status: SUCCESS
Start Time: 2025-05-21 18:53:49
End Time: 2025-05-21 18:53:49
Error Message: GSTR2 process completed successfully
Program Status: SUCCESS
==================================================
UUID: eb7f3242-34af-427b-9ee0-98b21c35211a
Time: 2025-05-21 19:14:18.983060
Program Type: GSTR2
File Name: GSTR20250521_191406.xlsx
Presigned URL Status: SUCCESS
Upload Status: SUCCESS
Activity ID: 2e87719a15bf4548be4650dc23b59e69
Trigger Ingestion Status: SUCCESS
Ingestion Status: SUCCESS
Start Time: 2025-05-21 19:14:06
End Time: 2025-05-21 19:14:06
Error Message: GSTR2 process completed successfully
Program Status: SUCCESS
==================================================
UUID: 3592e551-df44-4fad-8e5d-07c610df08f8
Time: 2025-05-21 19:18:48.736608
Program Type: GSTR2
File Name: GSTR20250521_191847.xlsx
Presigned URL Status: SUCCESS
Upload Status: SUCCESS
Activity ID: 9fbee39dd47147b1913000511ad2339c
Trigger Ingestion Status: SUCCESS
Ingestion Status: FAILED
Start Time: 2025-05-21 19:18:47
End Time: 2025-05-21 19:18:47
Error Message: Failed to get file ingestion status
Program Status: FAILED
==================================================
UUID: 57d27f14-c350-4fe5-b186-6c4b4ace8e66
Time: 2025-05-21 19:19:29.793310
Program Type: GSTR2
File Name: GSTR20250521_191918.xlsx
Presigned URL Status: SUCCESS
Upload Status: SUCCESS
Activity ID: f2386aa3669d4e6f99c951e541518ea5
Trigger Ingestion Status: SUCCESS
Ingestion Status: SUCCESS
Start Time: 2025-05-21 19:19:18
End Time: 2025-05-21 19:19:18
Error Message: GSTR2 process completed successfully
Program Status: SUCCESS
==================================================
UUID: 5346d2a5-fd0d-423a-8dee-5de7813aa52c
Time: 2025-05-21 19:20:02.380382
Program Type: GSTR2
File Name: GSTR20250521_191950.xlsx
Presigned URL Status: SUCCESS
Upload Status: SUCCESS
Activity ID: 9a4b8288c9754fc5a31480c3739abaad
Trigger Ingestion Status: SUCCESS
Ingestion Status: SUCCESS
Start Time: 2025-05-21 19:19:50
End Time: 2025-05-21 19:19:50
Error Message: GSTR2 process completed successfully
Program Status: SUCCESS
==================================================
UUID: 0a580187-759a-4cf2-8bfb-1df70cda1391
Time: 2025-05-21 19:21:47.097958
Program Type: GSTR2
File Name: GSTR20250521_192134.xlsx
Presigned URL Status: SUCCESS
Upload Status: SUCCESS
Activity ID: eb9ed39c6f684c8891184247b518b313
Trigger Ingestion Status: SUCCESS
Ingestion Status: SUCCESS
Start Time: 2025-05-21 19:21:34
End Time: 2025-05-21 19:21:34
Error Message: GSTR2 process completed successfully
Program Status: SUCCESS
==================================================
UUID: e9e3b5b7-4238-4a20-b503-2acadb44938f
Time: 2025-05-21 19:24:37.208268
Program Type: GSTR2
File Name: GSTR20250521_192425.xlsx
Presigned URL Status: SUCCESS
Upload Status: SUCCESS
Activity ID: f0d2a341b3ac47c0bc7cee3db9f63d93
Trigger Ingestion Status: SUCCESS
Ingestion Status: SUCCESS
Start Time: 2025-05-21 19:24:25
End Time: 2025-05-21 19:24:25
Error Message: GSTR2 process completed successfully
Program Status: SUCCESS
==================================================
UUID: d1ef0dc2-0f9a-4373-ab94-8c6aed5e7660
Time: 2025-05-21 21:38:37.046455
Program Type: GSTR2
File Name: GSTR20250521_213825.xlsx
Presigned URL Status: SUCCESS
Upload Status: SUCCESS
Activity ID: ed99c209c3b246f0ae85f1f6b94f0e55
Trigger Ingestion Status: SUCCESS
Ingestion Status: SUCCESS
Start Time: 2025-05-21 21:38:25
End Time: 2025-05-21 21:38:25
Error Message: GSTR2 process completed successfully
Program Status: SUCCESS
==================================================
UUID: 3df15007-3909-4b59-8edc-81480a8e5793
Time: 2025-05-21 21:40:22.785500
Program Type: GSTR1
File Name: GSTR20250521_214011.xlsx
Presigned URL Status: SUCCESS
Upload Status: SUCCESS
Activity ID: 2134fbda64a344ee8c628897b7e66bfa
Trigger Ingestion Status: SUCCESS
Ingestion Status: SUCCESS
Start Time: 2025-05-21 21:40:11
End Time: 2025-05-21 21:40:11
Error Message: GSTR1 process completed successfully
Program Status: SUCCESS
==================================================
UUID: 5862c412-bc8d-417b-b0a6-a7724b635000
Time: 2025-05-21 21:40:34.512607
Program Type: GSTR2
File Name: GSTR20250521_214022.xlsx
Presigned URL Status: SUCCESS
Upload Status: SUCCESS
Activity ID: d76d225c609f4beb91dc52e540db739a
Trigger Ingestion Status: SUCCESS
Ingestion Status: SUCCESS
Start Time: 2025-05-21 21:40:22
End Time: 2025-05-21 21:40:22
Error Message: GSTR2 process completed successfully
Program Status: SUCCESS
==================================================
UUID: 2a57f1eb-e08a-4522-a6f8-d038bb784678
Time: 2025-05-21 21:46:22.277523
Program Type: GSTR1
File Name: GSTR20250521_214610.xlsx
Presigned URL Status: SUCCESS
Upload Status: SUCCESS
Activity ID: c429b7e7133b4307bb7f960ae2745223
Trigger Ingestion Status: SUCCESS
Ingestion Status: SUCCESS
Start Time: 2025-05-21 21:46:10
End Time: 2025-05-21 21:46:10
Error Message: GSTR1 process completed successfully
Program Status: SUCCESS
==================================================
UUID: d07d101b-ffb0-4fca-9726-8adf9f27d9ef
Time: 2025-05-21 21:46:33.544110
Program Type: GSTR2
File Name: GSTR20250521_214622.xlsx
Presigned URL Status: SUCCESS
Upload Status: SUCCESS
Activity ID: ea55323364114d5fad6aa9e3276f6281
Trigger Ingestion Status: SUCCESS
Ingestion Status: SUCCESS
Start Time: 2025-05-21 21:46:22
End Time: 2025-05-21 21:46:22
Error Message: GSTR2 process completed successfully
Program Status: SUCCESS
==================================================
UUID: a4d7a947-e5d6-4e4c-86d4-d2667fcb867f
Time: 2025-05-21 21:54:48.426240
Program Type: GSTR1
File Name: GSTR20250521_215436.xlsx
Presigned URL Status: SUCCESS
Upload Status: SUCCESS
Activity ID: 3379e42c77df42709acebcfc38b792a1
Trigger Ingestion Status: SUCCESS
Ingestion Status: FAILED
Start Time: 2025-05-21 21:54:36
End Time: 2025-05-21 21:54:37
Error Message: Failed to get file ingestion status
Program Status: FAILED
==================================================
UUID: 82c8c52d-bdcb-4c18-a79a-c6273a9169d0
Time: 2025-05-21 21:55:00.002204
Program Type: GSTR2
File Name: GSTR20250521_215448.xlsx
Presigned URL Status: SUCCESS
Upload Status: SUCCESS
Activity ID: 9b335f35e5ef4b8ca9b5c05cc03e309b
Trigger Ingestion Status: SUCCESS
Ingestion Status: SUCCESS
Start Time: 2025-05-21 21:54:48
End Time: 2025-05-21 21:54:48
Error Message: GSTR2 process completed successfully
Program Status: SUCCESS
==================================================
UUID: 8bb44a46-ebfc-4429-9133-44f41b282e4b
Time: 2025-05-21 22:15:29.282115
Program Type: GSTR1
File Name: GSTR20250521_221517.xlsx
Presigned URL Status: SUCCESS
Upload Status: SUCCESS
Activity ID: 47a4c9292b714fadb8e859117d9fd71d
Trigger Ingestion Status: SUCCESS
Ingestion Status: FAILED
Start Time: 2025-05-21 22:15:17
End Time: 2025-05-21 22:15:17
Error Message: Failed to get file ingestion status
Program Status: FAILED
==================================================
UUID: 3557b6fb-0e74-46f0-8011-b323c10633b4
Time: 2025-05-21 22:15:41.542789
Program Type: GSTR2
File Name: GSTR20250521_221529.xlsx
Presigned URL Status: SUCCESS
Upload Status: SUCCESS
Activity ID: df13a32b7eaa4525801a814c9e630245
Trigger Ingestion Status: SUCCESS
Ingestion Status: SUCCESS
Start Time: 2025-05-21 22:15:29
End Time: 2025-05-21 22:15:29
Error Message: GSTR2 process completed successfully
Program Status: SUCCESS
==================================================
UUID: 1462dc78-d811-4076-b137-060c67c3ef05
Time: 2025-05-21 22:19:51.907466
Program Type: GSTR1
File Name: GSTR20250521_221940.xlsx
Presigned URL Status: SUCCESS
Upload Status: SUCCESS
Activity ID: 45caca82db29425fbb9f0ced8145fc23
Trigger Ingestion Status: SUCCESS
Ingestion Status: FAILED
Start Time: 2025-05-21 22:19:40
End Time: 2025-05-21 22:19:40
Error Message: Failed to get file ingestion status
Program Status: FAILED
==================================================
UUID: 60de679a-704a-4eb2-b64e-dc0d20797db6
Time: 2025-05-21 22:20:03.404704
Program Type: GSTR2
File Name: GSTR20250521_221951.xlsx
Presigned URL Status: SUCCESS
Upload Status: SUCCESS
Activity ID: 53c1952e3a8c44efb7ba2773a460a8f5
Trigger Ingestion Status: SUCCESS
Ingestion Status: SUCCESS
Start Time: 2025-05-21 22:19:51
End Time: 2025-05-21 22:19:51
Error Message: GSTR2 process completed successfully
Program Status: SUCCESS
==================================================
UUID: fc3b92ce-520d-4f85-adbf-5f3bba2b47e0
Time: 2025-05-21 22:23:57.252062
Program Type: GSTR1
File Name: GSTR20250521_222345.xlsx
Presigned URL Status: SUCCESS
Upload Status: SUCCESS
Activity ID: 92757c10d43f4787b4d09921a07178c7
Trigger Ingestion Status: SUCCESS
Ingestion Status: FAILED
Start Time: 2025-05-21 22:23:45
End Time: 2025-05-21 22:23:45
Error Message: Failed to get file ingestion status
Program Status: FAILED
==================================================
UUID: 0bbc4399-9f59-489d-889e-e1b64317e53c
Time: 2025-05-21 22:24:09.454157
Program Type: GSTR2
File Name: GSTR20250521_222357.xlsx
Presigned URL Status: SUCCESS
Upload Status: SUCCESS
Activity ID: 3b30fd04f21b4965a9b408d77d030d87
Trigger Ingestion Status: SUCCESS
Ingestion Status: SUCCESS
Start Time: 2025-05-21 22:23:57
End Time: 2025-05-21 22:23:57
Error Message: GSTR2 process completed successfully
Program Status: SUCCESS
==================================================
UUID: dc2fae81-f561-46a6-b406-4871e61639fd
Time: 2025-05-21 22:32:55.557846
Program Type: GSTR1
File Name: GSTR20250521_223242.xlsx
Presigned URL Status: SUCCESS
Upload Status: SUCCESS
Activity ID: 6b79bb1fd8354cdb8c44bdd523d1490a
Trigger Ingestion Status: SUCCESS
Ingestion Status: SUCCESS
Start Time: 2025-05-21 22:32:42
End Time: 2025-05-21 22:32:43
Error Message: GSTR1 process completed successfully
Program Status: SUCCESS
==================================================
UUID: 0bb5ded8-0143-4281-8ed4-5cba70371abd
Time: 2025-05-21 22:33:06.793252
Program Type: GSTR2
File Name: GSTR20250521_223255.xlsx
Presigned URL Status: SUCCESS
Upload Status: SUCCESS
Activity ID: c06fb81701ef4cf487ee3600f2aaaa87
Trigger Ingestion Status: SUCCESS
Ingestion Status: FAILED
Start Time: 2025-05-21 22:32:55
End Time: 2025-05-21 22:32:55
Error Message: Failed to get file ingestion status
Program Status: FAILED
==================================================
UUID: 09594f80-b27a-4e4f-b240-2579308c116f
Time: 2025-05-21 22:45:34.941515
Program Type: GSTR1
File Name: GSTR20250521_224523.xlsx
Presigned URL Status: SUCCESS
Upload Status: SUCCESS
Activity ID: d97faf2679a24c80b1cdf7c131a39c68
Trigger Ingestion Status: SUCCESS
Ingestion Status: SUCCESS
Start Time: 2025-05-21 22:45:23
End Time: 2025-05-21 22:45:23
Error Message: GSTR1 process completed successfully
Program Status: SUCCESS
==================================================
UUID: 50d0935e-4cf7-45fb-9afb-779e2eaf732a
Time: 2025-05-21 22:45:46.504339
Program Type: GSTR2
File Name: GSTR20250521_224534.xlsx
Presigned URL Status: SUCCESS
Upload Status: SUCCESS
Activity ID: a7cbb8c8b9394c63991071e815b0135c
Trigger Ingestion Status: SUCCESS
Ingestion Status: FAILED
Start Time: 2025-05-21 22:45:34
End Time: 2025-05-21 22:45:34
Error Message: Failed to get file ingestion status
Program Status: FAILED
==================================================
UUID: bef138c2-ebf0-4a6e-83ea-71018d8e495e
Time: 2025-05-21 22:49:08.756175
Program Type: GSTR1
File Name: GSTR20250521_224857.xlsx
Presigned URL Status: SUCCESS
Upload Status: SUCCESS
Activity ID: 5d8871c8e58c4b5994087f630b8d948e
Trigger Ingestion Status: SUCCESS
Ingestion Status: SUCCESS
Start Time: 2025-05-21 22:48:57
End Time: 2025-05-21 22:48:57
Error Message: GSTR1 process completed successfully
Program Status: SUCCESS
==================================================
UUID: 32c4621d-e8c6-480e-9914-f37b0aaddade
Time: 2025-05-21 22:49:20.660547
Program Type: GSTR2
File Name: GSTR20250521_224908.xlsx
Presigned URL Status: SUCCESS
Upload Status: SUCCESS
Activity ID: 7b3566158e2a468fbd12a58a9acb156a
Trigger Ingestion Status: SUCCESS
Ingestion Status: SUCCESS
Start Time: 2025-05-21 22:49:08
End Time: 2025-05-21 22:49:08
Error Message: GSTR2 process completed successfully
Program Status: SUCCESS
==================================================
UUID: 024435d3-ed8b-4a68-af84-c96f19999f1f
Time: 2025-05-21 22:50:39.728755
Program Type: GSTR1
File Name: GSTR20250521_225028.xlsx
Presigned URL Status: SUCCESS
Upload Status: SUCCESS
Activity ID: eb652da33d764ac2bb79c95955f9e72f
Trigger Ingestion Status: SUCCESS
Ingestion Status: FAILED
Start Time: 2025-05-21 22:50:28
End Time: 2025-05-21 22:50:28
Error Message: Failed to get file ingestion status
Program Status: FAILED
==================================================
UUID: 465fad6f-8d93-4d32-a8f7-75dc2d1e307b
Time: 2025-05-21 22:50:51.486055
Program Type: GSTR2
File Name: GSTR20250521_225039.xlsx
Presigned URL Status: SUCCESS
Upload Status: SUCCESS
Activity ID: efb2721e6032461e9a72f8fc08cf2af3
Trigger Ingestion Status: SUCCESS
Ingestion Status: SUCCESS
Start Time: 2025-05-21 22:50:39
End Time: 2025-05-21 22:50:39
Error Message: GSTR2 process completed successfully
Program Status: SUCCESS
==================================================
UUID: 5ef8f7da-8635-4c2d-940c-ec6e40c29102
Time: 2025-05-21 22:54:18.438981
Program Type: GSTR1
File Name: GSTR20250521_225405.xlsx
Presigned URL Status: SUCCESS
Upload Status: SUCCESS
Activity ID: a32c9439683340e9aa57b48e40e0d257
Trigger Ingestion Status: SUCCESS
Ingestion Status: SUCCESS
Start Time: 2025-05-21 22:54:05
End Time: 2025-05-21 22:54:05
Error Message: GSTR1 process completed successfully
Program Status: SUCCESS
==================================================
UUID: 6598a83a-39f4-401e-88a7-3911610b6250
Time: 2025-05-21 22:54:29.985139
Program Type: GSTR2
File Name: GSTR20250521_225418.xlsx
Presigned URL Status: SUCCESS
Upload Status: SUCCESS
Activity ID: baf7c6cd050f47939e606c9d3a047409
Trigger Ingestion Status: SUCCESS
Ingestion Status: SUCCESS
Start Time: 2025-05-21 22:54:18
End Time: 2025-05-21 22:54:18
Error Message: GSTR2 process completed successfully
Program Status: SUCCESS
==================================================
UUID: 4ba381ff-d125-40cb-9f4e-a80570ea7ae8
Time: 2025-05-21 22:58:33.199352
Program Type: GSTR1
File Name: GSTR20250521_225821.xlsx
Presigned URL Status: SUCCESS
Upload Status: SUCCESS
Activity ID: 266c8e2bd8e441ccb14637027b266d32
Trigger Ingestion Status: SUCCESS
Ingestion Status: FAILED
Start Time: 2025-05-21 22:58:21
End Time: 2025-05-21 22:58:21
Error Message: Failed to get file ingestion status
Program Status: FAILED
==================================================
UUID: 215ca779-f201-4790-af1b-660ab889866a
Time: 2025-05-21 22:58:45.165960
Program Type: GSTR2
File Name: GSTR20250521_225833.xlsx
Presigned URL Status: SUCCESS
Upload Status: SUCCESS
Activity ID: b54bfff3b1fb41e58a211928bff1b88e
Trigger Ingestion Status: SUCCESS
Ingestion Status: SUCCESS
Start Time: 2025-05-21 22:58:33
End Time: 2025-05-21 22:58:33
Error Message: GSTR2 process completed successfully
Program Status: SUCCESS
==================================================
UUID: f6c33d30-816c-4fe2-8ba0-45542e22eaee
Time: 2025-05-21 23:05:37.814727
Program Type: GSTR1
File Name: GSTR20250521_230525.xlsx
Presigned URL Status: SUCCESS
Upload Status: SUCCESS
Activity ID: e825261b29624ee4a68930056400540c
Trigger Ingestion Status: SUCCESS
Ingestion Status: FAILED
Start Time: 2025-05-21 23:05:25
End Time: 2025-05-21 23:05:25
Error Message: Failed to get file ingestion status
Program Status: FAILED
==================================================
UUID: 60fc8130-e223-4672-acf9-783d84a08c00
Time: 2025-05-21 23:05:49.742865
Program Type: GSTR2
File Name: GSTR20250521_230537.xlsx
Presigned URL Status: SUCCESS
Upload Status: SUCCESS
Activity ID: 7a06638e49ca411ea99c95750b12971c
Trigger Ingestion Status: SUCCESS
Ingestion Status: SUCCESS
Start Time: 2025-05-21 23:05:37
End Time: 2025-05-21 23:05:37
Error Message: GSTR2 process completed successfully
Program Status: SUCCESS
==================================================
UUID: 6cd83d2c-3b7c-427d-a697-92bb54565bb9
Time: 2025-05-21 23:08:00.351396
Program Type: GSTR1
File Name: GSTR20250521_230748.xlsx
Presigned URL Status: SUCCESS
Upload Status: SUCCESS
Activity ID: 089fe4ab9dd24c9b8599a31c3b7bf79f
Trigger Ingestion Status: SUCCESS
Ingestion Status: SUCCESS
Start Time: 2025-05-21 23:07:48
End Time: 2025-05-21 23:07:48
Error Message: GSTR1 process completed successfully
Program Status: SUCCESS
==================================================
UUID: bf5f09ac-be05-43aa-b2cf-819d21b2710a
Time: 2025-05-21 23:08:11.678548
Program Type: GSTR2
File Name: GSTR20250521_230800.xlsx
Presigned URL Status: SUCCESS
Upload Status: SUCCESS
Activity ID: 53d3e0c81ae44312a9b1941a815bbe54
Trigger Ingestion Status: SUCCESS
Ingestion Status: SUCCESS
Start Time: 2025-05-21 23:08:00
End Time: 2025-05-21 23:08:00
Error Message: GSTR2 process completed successfully
Program Status: SUCCESS
==================================================
